1769200478.302085 client started (53774): version 3.5a, socket /private/tmp/tmux-501/default, protocol 8
1769200478.302165 on Darwin 24.6.0 Darwin Kernel Version 24.6.0: Wed Nov  5 21:30:44 PST 2025; root:xnu-11417.140.69.705.2~1/RELEASE_ARM64_T6041
1769200478.302177 using libevent 2.1.12-stable select
1769200478.303336 using utf8proc 2.10.0
1769200478.303357 using ncurses 6.5 20240427
1769200478.303382 flags are 0x10010000
1769200478.303393 socket is /private/tmp/tmux-501/default
1769200478.303408 trying connect
1769200478.303465 add peer 0x130008000: 6 (0x0)
1769200478.306275 sending message 111 to peer 0x130008000 (8 bytes)
1769200478.306301 sending message 111 to peer 0x130008000 (8 bytes)
1769200478.306307 sending message 101 to peer 0x130008000 (14 bytes)
1769200478.306312 sending message 109 to peer 0x130008000 (4 bytes)
1769200478.306316 sending message 102 to peer 0x130008000 (13 bytes)
1769200478.306320 sending message 108 to peer 0x130008000 (45 bytes)
1769200478.306324 sending message 112 to peer 0x130008000 (70 bytes)
1769200478.306328 sending message 112 to peer 0x130008000 (5 bytes)
1769200478.306332 sending message 112 to peer 0x130008000 (5 bytes)
1769200478.306336 sending message 112 to peer 0x130008000 (6 bytes)
1769200478.306339 sending message 112 to peer 0x130008000 (6 bytes)
1769200478.306343 sending message 112 to peer 0x130008000 (11 bytes)
1769200478.306347 sending message 112 to peer 0x130008000 (10 bytes)
1769200478.306351 sending message 112 to peer 0x130008000 (13 bytes)
1769200478.306355 sending message 112 to peer 0x130008000 (13 bytes)
1769200478.306358 sending message 112 to peer 0x130008000 (18 bytes)
1769200478.306362 sending message 112 to peer 0x130008000 (11 bytes)
1769200478.306366 sending message 112 to peer 0x130008000 (10 bytes)
1769200478.306369 sending message 112 to peer 0x130008000 (15 bytes)
1769200478.306373 sending message 112 to peer 0x130008000 (21 bytes)
1769200478.306377 sending message 112 to peer 0x130008000 (13 bytes)
1769200478.306380 sending message 112 to peer 0x130008000 (7 bytes)
1769200478.306384 sending message 112 to peer 0x130008000 (13 bytes)
1769200478.306388 sending message 112 to peer 0x130008000 (7 bytes)
1769200478.306392 sending message 112 to peer 0x130008000 (13 bytes)
1769200478.306395 sending message 112 to peer 0x130008000 (9 bytes)
1769200478.306399 sending message 112 to peer 0x130008000 (21 bytes)
1769200478.306403 sending message 112 to peer 0x130008000 (13 bytes)
1769200478.306406 sending message 112 to peer 0x130008000 (8 bytes)
1769200478.306410 sending message 112 to peer 0x130008000 (12 bytes)
1769200478.306414 sending message 112 to peer 0x130008000 (13 bytes)
1769200478.306417 sending message 112 to peer 0x130008000 (9 bytes)
1769200478.306421 sending message 112 to peer 0x130008000 (9 bytes)
1769200478.306425 sending message 112 to peer 0x130008000 (12 bytes)
1769200478.306428 sending message 112 to peer 0x130008000 (8 bytes)
1769200478.306432 sending message 112 to peer 0x130008000 (8 bytes)
1769200478.306436 sending message 112 to peer 0x130008000 (7 bytes)
1769200478.306439 sending message 112 to peer 0x130008000 (7 bytes)
1769200478.306443 sending message 112 to peer 0x130008000 (9 bytes)
1769200478.306447 sending message 112 to peer 0x130008000 (13 bytes)
1769200478.306450 sending message 112 to peer 0x130008000 (6 bytes)
1769200478.306454 sending message 112 to peer 0x130008000 (9 bytes)
1769200478.306458 sending message 112 to peer 0x130008000 (15 bytes)
1769200478.306461 sending message 112 to peer 0x130008000 (13 bytes)
1769200478.306465 sending message 112 to peer 0x130008000 (12 bytes)
1769200478.306469 sending message 112 to peer 0x130008000 (8 bytes)
1769200478.306472 sending message 112 to peer 0x130008000 (14 bytes)
1769200478.306476 sending message 112 to peer 0x130008000 (11 bytes)
1769200478.306480 sending message 112 to peer 0x130008000 (9 bytes)
1769200478.306483 sending message 112 to peer 0x130008000 (10 bytes)
1769200478.306487 sending message 112 to peer 0x130008000 (10 bytes)
1769200478.306490 sending message 112 to peer 0x130008000 (10 bytes)
1769200478.306504 sending message 112 to peer 0x130008000 (10 bytes)
1769200478.306506 sending message 112 to peer 0x130008000 (11 bytes)
1769200478.306509 sending message 112 to peer 0x130008000 (12 bytes)
1769200478.306512 sending message 112 to peer 0x130008000 (12 bytes)
1769200478.306514 sending message 112 to peer 0x130008000 (12 bytes)
1769200478.306517 sending message 112 to peer 0x130008000 (12 bytes)
1769200478.306520 sending message 112 to peer 0x130008000 (12 bytes)
1769200478.306522 sending message 112 to peer 0x130008000 (11 bytes)
1769200478.306525 sending message 112 to peer 0x130008000 (11 bytes)
1769200478.306527 sending message 112 to peer 0x130008000 (12 bytes)
1769200478.306530 sending message 112 to peer 0x130008000 (12 bytes)
1769200478.306533 sending message 112 to peer 0x130008000 (12 bytes)
1769200478.306535 sending message 112 to peer 0x130008000 (12 bytes)
1769200478.306538 sending message 112 to peer 0x130008000 (12 bytes)
1769200478.306540 sending message 112 to peer 0x130008000 (10 bytes)
1769200478.306543 sending message 112 to peer 0x130008000 (12 bytes)
1769200478.306545 sending message 112 to peer 0x130008000 (13 bytes)
1769200478.306548 sending message 112 to peer 0x130008000 (13 bytes)
1769200478.306550 sending message 112 to peer 0x130008000 (13 bytes)
1769200478.306553 sending message 112 to peer 0x130008000 (13 bytes)
1769200478.306556 sending message 112 to peer 0x130008000 (13 bytes)
1769200478.306558 sending message 112 to peer 0x130008000 (8 bytes)
1769200478.306561 sending message 112 to peer 0x130008000 (11 bytes)
1769200478.306563 sending message 112 to peer 0x130008000 (11 bytes)
1769200478.306566 sending message 112 to peer 0x130008000 (11 bytes)
1769200478.306569 sending message 112 to peer 0x130008000 (12 bytes)
1769200478.306571 sending message 112 to peer 0x130008000 (12 bytes)
1769200478.306574 sending message 112 to peer 0x130008000 (12 bytes)
1769200478.306576 sending message 112 to peer 0x130008000 (12 bytes)
1769200478.306579 sending message 112 to peer 0x130008000 (13 bytes)
1769200478.306581 sending message 112 to peer 0x130008000 (13 bytes)
1769200478.306584 sending message 112 to peer 0x130008000 (13 bytes)
1769200478.306586 sending message 112 to peer 0x130008000 (8 bytes)
1769200478.306589 sending message 112 to peer 0x130008000 (13 bytes)
1769200478.306591 sending message 112 to peer 0x130008000 (13 bytes)
1769200478.306594 sending message 112 to peer 0x130008000 (13 bytes)
1769200478.306596 sending message 112 to peer 0x130008000 (13 bytes)
1769200478.306599 sending message 112 to peer 0x130008000 (13 bytes)
1769200478.306601 sending message 112 to peer 0x130008000 (12 bytes)
1769200478.306604 sending message 112 to peer 0x130008000 (12 bytes)
1769200478.306606 sending message 112 to peer 0x130008000 (12 bytes)
1769200478.306609 sending message 112 to peer 0x130008000 (12 bytes)
1769200478.306612 sending message 112 to peer 0x130008000 (13 bytes)
1769200478.306614 sending message 112 to peer 0x130008000 (8 bytes)
1769200478.306617 sending message 112 to peer 0x130008000 (13 bytes)
1769200478.306619 sending message 112 to peer 0x130008000 (13 bytes)
1769200478.306622 sending message 112 to peer 0x130008000 (13 bytes)
1769200478.306624 sending message 112 to peer 0x130008000 (13 bytes)
1769200478.306627 sending message 112 to peer 0x130008000 (13 bytes)
1769200478.306629 sending message 112 to peer 0x130008000 (13 bytes)
1769200478.306632 sending message 112 to peer 0x130008000 (13 bytes)
1769200478.306634 sending message 112 to peer 0x130008000 (12 bytes)
1769200478.306637 sending message 112 to peer 0x130008000 (12 bytes)
1769200478.306639 sending message 112 to peer 0x130008000 (12 bytes)
1769200478.306642 sending message 112 to peer 0x130008000 (8 bytes)
1769200478.306644 sending message 112 to peer 0x130008000 (12 bytes)
1769200478.306647 sending message 112 to peer 0x130008000 (13 bytes)
1769200478.306649 sending message 112 to peer 0x130008000 (13 bytes)
1769200478.306652 sending message 112 to peer 0x130008000 (13 bytes)
1769200478.306660 sending message 112 to peer 0x130008000 (13 bytes)
1769200478.306662 sending message 112 to peer 0x130008000 (13 bytes)
1769200478.306665 sending message 112 to peer 0x130008000 (13 bytes)
1769200478.306668 sending message 112 to peer 0x130008000 (13 bytes)
1769200478.306670 sending message 112 to peer 0x130008000 (13 bytes)
1769200478.306673 sending message 112 to peer 0x130008000 (12 bytes)
1769200478.306675 sending message 112 to peer 0x130008000 (10 bytes)
1769200478.306678 sending message 112 to peer 0x130008000 (12 bytes)
1769200478.306680 sending message 112 to peer 0x130008000 (12 bytes)
1769200478.306683 sending message 112 to peer 0x130008000 (12 bytes)
1769200478.306685 sending message 112 to peer 0x130008000 (13 bytes)
1769200478.306688 sending message 112 to peer 0x130008000 (13 bytes)
1769200478.306690 sending message 112 to peer 0x130008000 (13 bytes)
1769200478.306693 sending message 112 to peer 0x130008000 (13 bytes)
1769200478.306695 sending message 112 to peer 0x130008000 (13 bytes)
1769200478.306698 sending message 112 to peer 0x130008000 (13 bytes)
1769200478.306701 sending message 112 to peer 0x130008000 (13 bytes)
1769200478.306703 sending message 112 to peer 0x130008000 (10 bytes)
1769200478.306706 sending message 112 to peer 0x130008000 (13 bytes)
1769200478.306708 sending message 112 to peer 0x130008000 (12 bytes)
1769200478.306711 sending message 112 to peer 0x130008000 (12 bytes)
1769200478.306713 sending message 112 to peer 0x130008000 (12 bytes)
1769200478.306716 sending message 112 to peer 0x130008000 (10 bytes)
1769200478.306718 sending message 112 to peer 0x130008000 (10 bytes)
1769200478.306720 sending message 112 to peer 0x130008000 (10 bytes)
1769200478.306723 sending message 112 to peer 0x130008000 (12 bytes)
1769200478.306725 sending message 112 to peer 0x130008000 (13 bytes)
1769200478.306728 sending message 112 to peer 0x130008000 (13 bytes)
1769200478.306730 sending message 112 to peer 0x130008000 (13 bytes)
1769200478.306733 sending message 112 to peer 0x130008000 (13 bytes)
1769200478.306735 sending message 112 to peer 0x130008000 (13 bytes)
1769200478.306738 sending message 112 to peer 0x130008000 (11 bytes)
1769200478.306741 sending message 112 to peer 0x130008000 (11 bytes)
1769200478.306743 sending message 112 to peer 0x130008000 (12 bytes)
1769200478.306746 sending message 112 to peer 0x130008000 (12 bytes)
1769200478.306748 sending message 112 to peer 0x130008000 (12 bytes)
1769200478.306751 sending message 112 to peer 0x130008000 (12 bytes)
1769200478.306753 sending message 112 to peer 0x130008000 (12 bytes)
1769200478.306755 sending message 112 to peer 0x130008000 (11 bytes)
1769200478.306758 sending message 112 to peer 0x130008000 (12 bytes)
1769200478.306760 sending message 112 to peer 0x130008000 (12 bytes)
1769200478.306763 sending message 112 to peer 0x130008000 (13 bytes)
1769200478.306765 sending message 112 to peer 0x130008000 (13 bytes)
1769200478.306768 sending message 112 to peer 0x130008000 (13 bytes)
1769200478.306770 sending message 112 to peer 0x130008000 (13 bytes)
1769200478.306773 sending message 112 to peer 0x130008000 (13 bytes)
1769200478.306775 sending message 112 to peer 0x130008000 (10 bytes)
1769200478.306778 sending message 112 to peer 0x130008000 (9 bytes)
1769200478.306781 sending message 112 to peer 0x130008000 (12 bytes)
1769200478.306783 sending message 112 to peer 0x130008000 (13 bytes)
1769200478.306786 sending message 112 to peer 0x130008000 (13 bytes)
1769200478.306788 sending message 112 to peer 0x130008000 (13 bytes)
1769200478.306791 sending message 112 to peer 0x130008000 (13 bytes)
1769200478.306793 sending message 112 to peer 0x130008000 (13 bytes)
1769200478.306796 sending message 112 to peer 0x130008000 (9 bytes)
1769200478.306798 sending message 112 to peer 0x130008000 (12 bytes)
1769200478.306801 sending message 112 to peer 0x130008000 (13 bytes)
1769200478.306803 sending message 112 to peer 0x130008000 (13 bytes)
1769200478.306806 sending message 112 to peer 0x130008000 (13 bytes)
1769200478.306808 sending message 112 to peer 0x130008000 (13 bytes)
1769200478.306815 sending message 112 to peer 0x130008000 (13 bytes)
1769200478.306818 sending message 112 to peer 0x130008000 (11 bytes)
1769200478.306820 sending message 112 to peer 0x130008000 (12 bytes)
1769200478.306823 sending message 112 to peer 0x130008000 (13 bytes)
1769200478.306825 sending message 112 to peer 0x130008000 (13 bytes)
1769200478.306828 sending message 112 to peer 0x130008000 (13 bytes)
1769200478.306830 sending message 112 to peer 0x130008000 (13 bytes)
1769200478.306833 sending message 112 to peer 0x130008000 (13 bytes)
1769200478.306835 sending message 112 to peer 0x130008000 (11 bytes)
1769200478.306838 sending message 112 to peer 0x130008000 (12 bytes)
1769200478.306840 sending message 112 to peer 0x130008000 (12 bytes)
1769200478.306843 sending message 112 to peer 0x130008000 (12 bytes)
1769200478.306845 sending message 112 to peer 0x130008000 (12 bytes)
1769200478.306848 sending message 112 to peer 0x130008000 (12 bytes)
1769200478.306850 sending message 112 to peer 0x130008000 (21 bytes)
1769200478.306853 sending message 112 to peer 0x130008000 (12 bytes)
1769200478.306855 sending message 112 to peer 0x130008000 (9 bytes)
1769200478.306858 sending message 112 to peer 0x130008000 (6 bytes)
1769200478.306860 sending message 112 to peer 0x130008000 (13 bytes)
1769200478.306863 sending message 112 to peer 0x130008000 (8 bytes)
1769200478.306866 sending message 112 to peer 0x130008000 (15 bytes)
1769200478.306868 sending message 112 to peer 0x130008000 (13 bytes)
1769200478.306871 sending message 112 to peer 0x130008000 (9 bytes)
1769200478.306874 sending message 112 to peer 0x130008000 (70 bytes)
1769200478.306876 sending message 112 to peer 0x130008000 (69 bytes)
1769200478.306879 sending message 112 to peer 0x130008000 (10 bytes)
1769200478.306881 sending message 112 to peer 0x130008000 (10 bytes)
1769200478.306883 sending message 112 to peer 0x130008000 (8 bytes)
1769200478.306885 sending message 112 to peer 0x130008000 (15 bytes)
1769200478.306888 sending message 112 to peer 0x130008000 (13 bytes)
1769200478.306890 sending message 112 to peer 0x130008000 (10 bytes)
1769200478.306892 sending message 112 to peer 0x130008000 (10 bytes)
1769200478.306894 sending message 112 to peer 0x130008000 (17 bytes)
1769200478.306897 sending message 112 to peer 0x130008000 (10 bytes)
1769200478.306899 sending message 112 to peer 0x130008000 (13 bytes)
1769200478.306901 sending message 112 to peer 0x130008000 (9 bytes)
1769200478.306903 sending message 112 to peer 0x130008000 (5 bytes)
1769200478.306906 sending message 112 to peer 0x130008000 (15 bytes)
1769200478.306910 sending message 104 to peer 0x130008000 (0 bytes)
1769200478.306913 sending message 110 to peer 0x130008000 (0 bytes)
1769200478.306915 sending message 107 to peer 0x130008000 (4 bytes)
1769200478.306918 sending message 105 to peer 0x130008000 (29 bytes)
1769200478.306920 sending message 105 to peer 0x130008000 (15 bytes)
1769200478.306922 sending message 105 to peer 0x130008000 (57 bytes)
1769200478.306925 sending message 105 to peer 0x130008000 (20 bytes)
1769200478.306927 sending message 105 to peer 0x130008000 (16 bytes)
1769200478.306929 sending message 105 to peer 0x130008000 (14 bytes)
1769200478.306931 sending message 105 to peer 0x130008000 (26 bytes)
1769200478.306934 sending message 105 to peer 0x130008000 (43 bytes)
1769200478.306936 sending message 105 to peer 0x130008000 (43 bytes)
1769200478.306938 sending message 105 to peer 0x130008000 (66 bytes)
1769200478.306940 sending message 105 to peer 0x130008000 (88 bytes)
1769200478.306943 sending message 105 to peer 0x130008000 (70 bytes)
1769200478.306945 sending message 105 to peer 0x130008000 (32 bytes)
1769200478.306947 sending message 105 to peer 0x130008000 (59 bytes)
1769200478.306950 sending message 105 to peer 0x130008000 (74 bytes)
1769200478.306952 sending message 105 to peer 0x130008000 (30 bytes)
1769200478.306954 sending message 105 to peer 0x130008000 (74 bytes)
1769200478.306956 sending message 105 to peer 0x130008000 (12 bytes)
1769200478.306967 sending message 105 to peer 0x130008000 (70 bytes)
1769200478.306970 sending message 105 to peer 0x130008000 (49 bytes)
1769200478.306972 sending message 105 to peer 0x130008000 (72 bytes)
1769200478.306975 sending message 105 to peer 0x130008000 (13 bytes)
1769200478.306977 sending message 105 to peer 0x130008000 (76 bytes)
1769200478.306979 sending message 105 to peer 0x130008000 (106 bytes)
1769200478.306982 sending message 105 to peer 0x130008000 (54 bytes)
1769200478.306984 sending message 105 to peer 0x130008000 (22 bytes)
1769200478.306986 sending message 105 to peer 0x130008000 (41 bytes)
1769200478.306989 sending message 105 to peer 0x130008000 (17 bytes)
1769200478.306991 sending message 105 to peer 0x130008000 (17 bytes)
1769200478.306993 sending message 105 to peer 0x130008000 (24 bytes)
1769200478.306995 sending message 105 to peer 0x130008000 (20 bytes)
1769200478.306998 sending message 105 to peer 0x130008000 (72 bytes)
1769200478.307000 sending message 105 to peer 0x130008000 (57 bytes)
1769200478.307002 sending message 105 to peer 0x130008000 (50 bytes)
1769200478.307004 sending message 105 to peer 0x130008000 (38 bytes)
1769200478.307013 sending message 105 to peer 0x130008000 (60 bytes)
1769200478.307015 sending message 105 to peer 0x130008000 (75 bytes)
1769200478.307018 sending message 105 to peer 0x130008000 (63 bytes)
1769200478.307020 sending message 105 to peer 0x130008000 (19 bytes)
1769200478.307022 sending message 105 to peer 0x130008000 (10 bytes)
1769200478.307025 sending message 105 to peer 0x130008000 (13 bytes)
1769200478.307027 sending message 105 to peer 0x130008000 (63 bytes)
1769200478.307029 sending message 105 to peer 0x130008000 (37 bytes)
1769200478.307031 sending message 105 to peer 0x130008000 (66 bytes)
1769200478.307034 sending message 105 to peer 0x130008000 (12 bytes)
1769200478.307036 sending message 105 to peer 0x130008000 (8 bytes)
1769200478.307038 sending message 105 to peer 0x130008000 (70 bytes)
1769200478.307040 sending message 105 to peer 0x130008000 (34 bytes)
1769200478.307043 sending message 105 to peer 0x130008000 (68 bytes)
1769200478.307045 sending message 105 to peer 0x130008000 (19 bytes)
1769200478.307047 sending message 105 to peer 0x130008000 (74 bytes)
1769200478.307049 sending message 105 to peer 0x130008000 (68 bytes)
1769200478.307052 sending message 105 to peer 0x130008000 (90 bytes)
1769200478.307054 sending message 105 to peer 0x130008000 (71 bytes)
1769200478.307056 sending message 105 to peer 0x130008000 (72 bytes)
1769200478.307058 sending message 105 to peer 0x130008000 (98 bytes)
1769200478.307061 sending message 105 to peer 0x130008000 (791 bytes)
1769200478.307064 sending message 105 to peer 0x130008000 (74 bytes)
1769200478.307066 sending message 105 to peer 0x130008000 (82 bytes)
1769200478.307068 sending message 105 to peer 0x130008000 (27 bytes)
1769200478.307070 sending message 105 to peer 0x130008000 (38 bytes)
1769200478.307073 sending message 105 to peer 0x130008000 (18 bytes)
1769200478.307075 sending message 105 to peer 0x130008000 (25 bytes)
1769200478.307077 sending message 106 to peer 0x130008000 (0 bytes)
1769200478.307140 sending message 200 to peer 0x130008000 (4 bytes)
1769200478.307145 client loop enter
1769200478.307347 peer 0x130008000 message 303
1769200478.307365 open write file 2 -
1769200478.307381 sending message 305 to peer 0x130008000 (8 bytes)
1769200478.307393 write check file 2
1769200478.307437 peer 0x130008000 message 304
1769200478.307445 write 58 to file 2
1769200478.307458 peer 0x130008000 message 203
1769200478.307464 file 2 58 bytes left
1769200478.307475 write check file 2
1769200478.307479 client loop exit
